<?xml version="1.0" encoding="UTF-8"?>
<testsuite xmlns:xsi="http://www.w3.org/2001/XMLSchema-instance" xsi:schemaLocation="https://maven.apache.org/surefire/maven-surefire-plugin/xsd/surefire-test-report.xsd" name="com.doney.persistence.PlayerDaoTest" time="2.242" tests="9" errors="0" skipped="0" failures="0">
  <properties>
    <property name="java.runtime.name" value="Java(TM) SE Runtime Environment"/>
    <property name="java.vm.version" value="11.0.8+10-LTS"/>
    <property name="sun.boot.library.path" value="/usr/lib/jvm/java-11-oracle/lib"/>
    <property name="maven.multiModuleProjectDirectory" value="/home/jdoney/IdeaProjects/DiscGolfCoverage"/>
    <property name="java.vm.vendor" value="Oracle Corporation"/>
    <property name="java.vendor.url" value="https://openjdk.java.net/"/>
    <property name="guice.disable.misplaced.annotation.check" value="true"/>
    <property name="path.separator" value=":"/>
    <property name="java.vm.name" value="Java HotSpot(TM) 64-Bit Server VM"/>
    <property name="sun.os.patch.level" value="unknown"/>
    <property name="user.country" value="US"/>
    <property name="sun.java.launcher" value="SUN_STANDARD"/>
    <property name="java.vm.specification.name" value="Java Virtual Machine Specification"/>
    <property name="user.dir" value="/home/jdoney/IdeaProjects/DiscGolfCoverage"/>
    <property name="java.vm.compressedOopsMode" value="Zero based"/>
    <property name="java.runtime.version" value="11.0.8+10-LTS"/>
    <property name="java.awt.graphicsenv" value="sun.awt.X11GraphicsEnvironment"/>
    <property name="os.arch" value="amd64"/>
    <property name="java.io.tmpdir" value="/tmp"/>
    <property name="line.separator" value="&#10;"/>
    <property name="java.vm.specification.vendor" value="Oracle Corporation"/>
    <property name="os.name" value="Linux"/>
    <property name="maven.ext.class.path" value="/home/jdoney/Desktop/idea-IU-201.8743.12/plugins/maven/lib/maven-event-listener.jar"/>
    <property name="classworlds.conf" value="/home/jdoney/Desktop/idea-IU-201.8743.12/plugins/maven/lib/maven3/bin/m2.conf"/>
    <property name="sun.jnu.encoding" value="UTF-8"/>
    <property name="java.library.path" value="/usr/java/packages/lib:/usr/lib64:/lib64:/lib:/usr/lib"/>
    <property name="maven.conf" value="/home/jdoney/Desktop/idea-IU-201.8743.12/plugins/maven/lib/maven3/conf"/>
    <property name="jdk.debug" value="release"/>
    <property name="java.class.version" value="55.0"/>
    <property name="java.specification.name" value="Java Platform API Specification"/>
    <property name="sun.management.compiler" value="HotSpot 64-Bit Tiered Compilers"/>
    <property name="os.version" value="5.4.0-42-generic"/>
    <property name="user.home" value="/home/jdoney"/>
    <property name="user.timezone" value="America/Chicago"/>
    <property name="java.awt.printerjob" value="sun.print.PSPrinterJob"/>
    <property name="file.encoding" value="UTF-8"/>
    <property name="java.specification.version" value="11"/>
    <property name="user.name" value="jdoney"/>
    <property name="java.class.path" value="/home/jdoney/Desktop/idea-IU-201.8743.12/plugins/maven/lib/maven3/boot/plexus-classworlds-2.6.0.jar:/home/jdoney/Desktop/idea-IU-201.8743.12/plugins/maven/lib/maven3/boot/plexus-classworlds.license"/>
    <property name="java.vm.specification.version" value="11"/>
    <property name="sun.arch.data.model" value="64"/>
    <property name="sun.java.command" value="org.codehaus.classworlds.Launcher -Didea.version2020.1.4 install"/>
    <property name="java.home" value="/usr/lib/jvm/java-11-oracle"/>
    <property name="idea.version2020.1.4" value="true"/>
    <property name="user.language" value="en"/>
    <property name="java.specification.vendor" value="Oracle Corporation"/>
    <property name="awt.toolkit" value="sun.awt.X11.XToolkit"/>
    <property name="java.vm.info" value="mixed mode"/>
    <property name="java.version" value="11.0.8"/>
    <property name="securerandom.source" value="file:/dev/./urandom"/>
    <property name="java.vendor" value="Oracle Corporation"/>
    <property name="maven.home" value="/home/jdoney/Desktop/idea-IU-201.8743.12/plugins/maven/lib/maven3"/>
    <property name="file.separator" value="/"/>
    <property name="java.version.date" value="2020-07-14"/>
    <property name="java.vendor.url.bug" value="https://bugreport.java.com/bugreport/"/>
    <property name="sun.io.unicode.encoding" value="UnicodeLittle"/>
    <property name="sun.cpu.endian" value="little"/>
    <property name="java.vendor.version" value="18.9"/>
    <property name="sun.desktop" value="gnome"/>
    <property name="sun.cpu.isalist" value=""/>
  </properties>
  <testcase name="deleteSuccess" classname="com.doney.persistence.PlayerDaoTest" time="0.256"/>
  <testcase name="getAllSuccess" classname="com.doney.persistence.PlayerDaoTest" time="0.259"/>
  <testcase name="getByPropertyLikeMapSuccess" classname="com.doney.persistence.PlayerDaoTest" time="0.253"/>
  <testcase name="getByPropertyLikeSuccess" classname="com.doney.persistence.PlayerDaoTest" time="0.265"/>
  <testcase name="findRoundsPlayerInSuccess" classname="com.doney.persistence.PlayerDaoTest" time="0.245"/>
  <testcase name="findByPropertyLikeMapSuccess" classname="com.doney.persistence.PlayerDaoTest" time="0.238"/>
  <testcase name="getByIdSuccess" classname="com.doney.persistence.PlayerDaoTest" time="0.238"/>
  <testcase name="updateSuccess" classname="com.doney.persistence.PlayerDaoTest" time="0.244"/>
  <testcase name="insertSuccess" classname="com.doney.persistence.PlayerDaoTest" time="0.241"/>
</testsuite>